<?xml version="1.0" encoding="UTF-8"?>
<testsuite name="unitTests.ProducerEventControllerTest" tests="1" skipped="0" failures="0" errors="0" timestamp="2024-09-26T08:54:07" hostname="UKIMMVVHQG5J27" time="0.576">
  <properties/>
  <testcase name="publishTest()" classname="unitTests.ProducerEventControllerTest" time="0.576"/>
  <system-out><![CDATA[09:54:07.734 [Test worker] INFO com.finalboss.http.ProducerEventController -- operation=updateMarket, message='getting a new request', marketUpdate='MarketUpdate[id=2, name=Match Odds, operation=ADD, event=Event[id=3, name=Benfica vs Sporting, date=27/10/2023], selections=[]]'
09:54:07.758 [Test worker] INFO com.finalboss.http.ProducerEventController -- operation=updateMarket, message='everything worked', marketUpdate='MarketUpdate[id=2, name=Match Odds, operation=ADD, event=Event[id=3, name=Benfica vs Sporting, date=27/10/2023], selections=[]]'
]]></system-out>
  <system-err><![CDATA[WARNING: A Java agent has been loaded dynamically (/Users/diogo.carvalho/.gradle/caches/modules-2/files-2.1/net.bytebuddy/byte-buddy-agent/1.14.12/be4984cb6fd1ef1d11f218a648889dfda44b8a15/byte-buddy-agent-1.14.12.jar)
WARNING: If a serviceability tool is in use, please run with -XX:+EnableDynamicAgentLoading to hide this warning
WARNING: If a serviceability tool is not in use, please run with -Djdk.instrument.traceUsage for more information
WARNING: Dynamic loading of agents will be disallowed by default in a future release
]]></system-err>
</testsuite>
